\# Program start time UTC 2020.09.25 08:37:43.593
\# Local time Friday 25 September 2020, 10:37 am
\o Program:		@(#)$CDS: virtuoso version 6.1.6-64b 06/16/2014 21:40 (sjfnl128) $
\o Hierarchy:		/eda/tools/cadence/ic.06.16.070/tools.lnx86/dfII/
\o Sub version:		sub-version  IC6.1.6-64b.500.7  (64-bit addresses)
\# Command line:	/eda/tools/cadence/ic.06.16/tools.lnx86/dfII/bin/64bit/virtuoso -noautostart -mpssession virtuoso21208 -mpshost venus.tele.ntnu.no -davinciService DaVinciService_21208_1601019270 -log /home/courses/analog_cmos1/2020f/ac20f14/analog_project/logs_ac20f14/logs0/Job3.log -licenseLockFileName /home/courses/analog_cmos1/2020f/ac20f14/analog_project/.tmp_ac20f14/.venus.tele.ntnu.no_21208 -nograph -nostdin -axlChildIdFlag 3
\# Host name (type):	venus.tele.ntnu.no (x86_64)
\# Operating system:	Linux 2.6.32-754.33.1.el6.x86_64 #1 SMP Tue Aug 25 15:29:40 UTC 2020
\# Linux /etc/issue:	CentOS release 6.10 (Final)
\# Linux /etc/issue:	Kernel \r on an \m
\# X display name (WxH):	venus.tele.ntnu.no:80 (1024x868)
\# Available geometry:			TL(0:0) BR(1023:867)
\# X server:			RealVNC Ltd (VNC nograph server)
\# Depth of Visual (Root):	16 (16)
\# Number of Planes Used:	16
\# X version:		11.0 (vendor release 3370)
\# X resource pool:	base 0x800000, mask 0x3fffff (4194303), shift 0
\# 			current id 0x0, current max 0x3ffffa (4194298)
\# Max data seg size:	     unlimited
\# Max process size:	     unlimited
\# Initial sbrk value:	        321 MB
\# Available memory:	    152,583 MB
\# System memory:	    161,408 MB
\# Maximum memory size:	    161,153 MB
\# Max mem available:	    152,649 MB
\# Initial memory used:	         66 MB
\#        process size:	        727 MB
\# Qt version:		4.7.2
\# Window Manager:	other
\# User Name:		ac20f14
\o Working Directory:	venus.tele.ntnu.no:/home/courses/analog_cmos1/2020f/ac20f14/analog_project
\# Process Id:		25522
\o 
\o COPYRIGHT © 1992-2014  CADENCE DESIGN SYSTEMS INC.  ALL RIGHTS RESERVED.
\o           © 1992-2014  UNIX SYSTEMS Laboratories INC.,
\o                          Reproduced with permission.
\o 
\o This Cadence Design Systems program and online documentation are
\o proprietary/confidential information and may be disclosed/used only
\o as authorized in a license agreement controlling such use and disclosure.
\o 
\o           RESTRICTED RIGHTS NOTICE (SHORT FORM)
\o Use/reproduction/disclosure is subject to restriction
\o set forth at FAR 1252.227-19 or its equivalent.
\o Loading geView.cxt 
\o Loading menuBuilder.cxt 
\o Loading schView.cxt 
\o Loading selectSv.cxt 
\o Loading LVS.cxt 
\o Loading layerProc.cxt 
\o Loading pte2.cxt 
\o Loading xlUI.cxt 
\o Loading auCore.cxt 
\o Loading vhdl.cxt 
\o Loading seismic.cxt 
\o Loading ci.cxt 
\o Loading ams.cxt 
\o Loading oasis.cxt 
\o Loading analog.cxt 
\o Loading asimenv.cxt 
\o Loading par.cxt 
\o Loading socket.cxt 
\o Loading alvs.cxt 
\o Loading awv.cxt 
\o Loading adexl.cxt 
\o *Info*    Exporting services from client ... 
\o 
\w *WARNING* The directory: '/home/courses/analog_cmos1/2020f/ac20f14/cad_tutorial/Assigm3' does not exist
\w 	but was defined in libFile '/home/courses/analog_cmos1/2020f/ac20f14/analog_project/cds.lib' for Lib 'Assigm3'.
\o *Info*    Client has finished starting ... 
\o 
\p > 
\# Available memory:        152,485 MB at UTC 2020.09.25 08:37:57.543
\# Memory report: Maximum memory size now 152,655 MB at UTC 2020.09.25 08:37:57.543
\# Memory report: using         170 MB, process size 961 MB at UTC 2020.09.25 08:37:57.543
\o Job 3 timed out after no activity in 300 seconds.
\o Loading viva.cxt 
\o Loading lce.cxt 
\o 
\o *Info*    Received signal SIGTERM.
\o 
\o 
\o Loading simui.cxt 
